🚀 Starting AI Smart Investment Advisor...
📈 Starting Backend (FastAPI) on port 8000...
🔄 Starting Auto Refresh Script...
💻 Starting Frontend (Next.js) on port 3000...
INFO:     Will watch for changes in these directories: ['/Users/breeze/Dev/ai-stock-advisor/backend']
INFO:     Uvicorn running on http://0.0.0.0:8000 (Press CTRL+C to quit)
INFO:     Started reloader process [46692] using StatReload
✅ Services are running!
   - Frontend: http://localhost:3000
   - Backend:  http://localhost:8000/docs
Press CTRL+C to stop.

> frontend@0.1.0 dev
> next dev -p 3000

2026-03-02 11:27:49,990 - app.api.v1.endpoints.portfolio - INFO - PHASE: Portfolio router module importing...
INFO:     Started server process [46699]
INFO:     Waiting for application startup.
▲ Next.js 16.1.2 (Turbopack)
- Local:         http://localhost:3000
- Network:       http://10.10.11.229:3000

✓ Starting...
✓ Ready in 733ms
 GET /?tab=radar 200 in 863ms (compile: 422ms, render: 441ms)
2026-03-02 11:27:55,036 - api_logger - INFO - PHASE: Background scheduler task launched & DB synced.
2026-03-02 11:27:55,037 - app.services.scheduler - INFO - [Scheduler] 调度中心全面启动，轮询精度：60s
INFO:     Application startup complete.
2026-03-02 11:27:56,288 - app.services.scheduler - INFO - [Scheduler] 发现 3 只股票需要更新（盘中或盘后补录），开始后台刷新...
2026-03-02 11:27:58,176 - api_logger - INFO - rid=/api/macro/radar method=GET status_code=200 user_id=9fe069c3-5985-4d2a-8814-91898152fc4a time=1986.56ms
DEBUG: Validating token: eyJhbGciOi...
DEBUG: Token payload: {'exp': 1772463492, 'sub': '9fe069c3-5985-4d2a-8814-91898152fc4a'}
DEBUG: Validating token: eyJhbGciOi...
DEBUG: Token payload: {'exp': 1772463492, 'sub': '9fe069c3-5985-4d2a-8814-91898152fc4a'}
DEBUG: Validating token: eyJhbGciOi...
DEBUG: Token payload: {'exp': 1772463492, 'sub': '9fe069c3-5985-4d2a-8814-91898152fc4a'}
INFO:     127.0.0.1:58806 - "GET /api/macro/radar?refresh=false HTTP/1.1" 200 OK
2026-03-02 11:27:58,188 - api_logger - INFO - rid=/api/portfolio/ method=GET status_code=200 user_id=9fe069c3-5985-4d2a-8814-91898152fc4a time=1998.51ms
INFO:     127.0.0.1:58804 - "GET /api/portfolio/?refresh=false&price_only=false HTTP/1.1" 200 OK
2026-03-02 11:27:58,192 - api_logger - INFO - rid=/api/macro/cls_news method=GET status_code=200 user_id=9fe069c3-5985-4d2a-8814-91898152fc4a time=2005.99ms
INFO:     127.0.0.1:58807 - "GET /api/macro/cls_news?refresh=false HTTP/1.1" 200 OK
2026-03-02 11:27:59,716 - api_logger - INFO - rid=/api/user/me method=GET status_code=200 user_id=9fe069c3-5985-4d2a-8814-91898152fc4a time=1465.60ms
DEBUG: Validating token: eyJhbGciOi...
DEBUG: Token payload: {'exp': 1772463492, 'sub': '9fe069c3-5985-4d2a-8814-91898152fc4a'}
INFO:     127.0.0.1:58807 - "GET /api/user/me HTTP/1.1" 200 OK
 GET /sw.js 404 in 75ms (compile: 50ms, render: 26ms)
2026-03-02 11:28:04,218 - app.services.market_providers.akshare - ERROR - Failed to update AkShare spot cache: ('Connection aborted.', RemoteDisconnected('Remote end closed connection without response'))
2026-03-02 11:28:04,605 - app.services.market_data - INFO - Syncing fundamental for 002050: market_cap=None, PE=None
2026-03-02 11:28:07,849 - app.services.scheduler - INFO - [Scheduler] 成功更新股票行情: 002050
  0%|          | 0/58 [00:00<?, ?it/s]2026-03-02 11:28:17,172 - app.services.market_data - WARNING - 601138 基本面数据抓取超时 (7s)，优先展现价格数据
2026-03-02 11:28:20,664 - app.services.scheduler - INFO - [Scheduler] 成功更新股票行情: 601138
                                      2026-03-02 11:28:22,780 - app.services.market_providers.akshare - INFO - Skipping historical data fetch for test ticker: TEST_RRR
2026-03-02 11:28:23,731 - app.services.market_data - WARNING - TEST_RRR 实时刷新失败，回退到使用现有缓存数据。
2026-03-02 11:28:24,565 - app.services.scheduler - INFO - [Scheduler] 成功更新股票行情: TEST_RRR
2026-03-02 11:28:24,565 - app.services.scheduler - INFO - [Scheduler] 本轮后台刷新成功完成，共更新 3 只标的。
2026-03-02 11:29:25,952 - app.services.scheduler - INFO - [Scheduler] 发现 2 只股票需要更新（盘中或盘后补录），开始后台刷新...
2026-03-02 11:29:27,751 - app.services.market_providers.akshare - INFO - Skipping historical data fetch for test ticker: TEST_RRR
2026-03-02 11:29:28,123 - app.services.market_data - WARNING - TEST_RRR 实时刷新失败，回退到使用现有缓存数据。
2026-03-02 11:29:28,604 - app.services.scheduler - INFO - [Scheduler] 成功更新股票行情: TEST_RRR
2026-03-02 11:29:35,100 - app.services.market_providers.akshare - ERROR - Failed to update AkShare spot cache: ('Connection aborted.', RemoteDisconnected('Remote end closed connection without response'))
2026-03-02 11:29:35,410 - app.services.market_data - INFO - Syncing fundamental for 002970: market_cap=None, PE=None
2026-03-02 11:29:38,351 - app.services.notification_service - INFO - Duplicate notification skipped: PRICE_ALERT for 002970
2026-03-02 11:29:38,693 - app.services.scheduler - INFO - [Scheduler] 成功更新股票行情: 002970
2026-03-02 11:29:38,696 - app.services.scheduler - INFO - [Scheduler] 本轮后台刷新成功完成，共更新 2 只标的。
INFO:     127.0.0.1:59935 - "OPTIONS /api/macro/cls_news?refresh=false HTTP/1.1" 200 OK
2026-03-02 11:29:54,364 - api_logger - INFO - rid=/api/macro/cls_news method=GET status_code=200 user_id=9fe069c3-5985-4d2a-8814-91898152fc4a time=1510.31ms
DEBUG: Validating token: eyJhbGciOi...
DEBUG: Token payload: {'exp': 1772463492, 'sub': '9fe069c3-5985-4d2a-8814-91898152fc4a'}
INFO:     127.0.0.1:59935 - "GET /api/macro/cls_news?refresh=false HTTP/1.1" 200 OK
2026-03-02 11:29:54,365 - app.services.macro_service - INFO - Starting Cailianshe global news update (Standard Version)...
2026-03-02 11:29:59,172 - app.services.macro_service - INFO - Successfully persisted 3 news items.
2026-03-02 11:30:40,046 - app.services.scheduler - INFO - [Scheduler] 发现 1 只股票需要更新（盘中或盘后补录），开始后台刷新...
2026-03-02 11:30:41,863 - app.services.market_providers.akshare - INFO - Skipping historical data fetch for test ticker: TEST_RRR
2026-03-02 11:30:42,099 - app.services.market_data - WARNING - TEST_RRR 实时刷新失败，回退到使用现有缓存数据。
2026-03-02 11:30:42,583 - app.services.scheduler - INFO - [Scheduler] 成功更新股票行情: TEST_RRR
2026-03-02 11:30:42,583 - app.services.scheduler - INFO - [Scheduler] 本轮后台刷新成功完成，共更新 1 只标的。
2026-03-02 11:31:43,800 - app.services.scheduler - INFO - [Scheduler] 发现 1 只股票需要更新（盘中或盘后补录），开始后台刷新...
2026-03-02 11:31:45,613 - app.services.market_providers.akshare - INFO - Skipping historical data fetch for test ticker: TEST_RRR
2026-03-02 11:31:45,981 - app.services.market_data - WARNING - TEST_RRR 实时刷新失败，回退到使用现有缓存数据。
2026-03-02 11:31:46,773 - app.services.scheduler - INFO - [Scheduler] 成功更新股票行情: TEST_RRR
2026-03-02 11:31:46,774 - app.services.scheduler - INFO - [Scheduler] 本轮后台刷新成功完成，共更新 1 只标的。
2026-03-02 11:31:54,257 - api_logger - INFO - rid=/api/macro/cls_news method=GET status_code=200 user_id=9fe069c3-5985-4d2a-8814-91898152fc4a time=1403.91ms
DEBUG: Validating token: eyJhbGciOi...
DEBUG: Token payload: {'exp': 1772463492, 'sub': '9fe069c3-5985-4d2a-8814-91898152fc4a'}
INFO:     127.0.0.1:60109 - "GET /api/macro/cls_news?refresh=false HTTP/1.1" 200 OK
2026-03-02 11:32:47,979 - app.services.scheduler - INFO - [Scheduler] 发现 1 只股票需要更新（盘中或盘后补录），开始后台刷新...
2026-03-02 11:32:49,788 - app.services.market_providers.akshare - INFO - Skipping historical data fetch for test ticker: TEST_RRR
2026-03-02 11:32:50,184 - app.services.market_data - WARNING - TEST_RRR 实时刷新失败，回退到使用现有缓存数据。
2026-03-02 11:32:50,700 - app.services.scheduler - INFO - [Scheduler] 成功更新股票行情: TEST_RRR
2026-03-02 11:32:50,700 - app.services.scheduler - INFO - [Scheduler] 本轮后台刷新成功完成，共更新 1 只标的。
2026-03-02 11:33:52,553 - app.services.scheduler - INFO - [Scheduler] 发现 1 只股票需要更新（盘中或盘后补录），开始后台刷新...
2026-03-02 11:33:54,878 - api_logger - INFO - rid=/api/macro/cls_news method=GET status_code=200 user_id=9fe069c3-5985-4d2a-8814-91898152fc4a time=2028.93ms
DEBUG: Validating token: eyJhbGciOi...
DEBUG: Token payload: {'exp': 1772463492, 'sub': '9fe069c3-5985-4d2a-8814-91898152fc4a'}
INFO:     127.0.0.1:60313 - "GET /api/macro/cls_news?refresh=false HTTP/1.1" 200 OK
2026-03-02 11:33:55,164 - app.services.market_providers.akshare - INFO - Skipping historical data fetch for test ticker: TEST_RRR
2026-03-02 11:33:55,517 - app.services.market_data - WARNING - TEST_RRR 实时刷新失败，回退到使用现有缓存数据。
2026-03-02 11:33:56,301 - app.services.scheduler - INFO - [Scheduler] 成功更新股票行情: TEST_RRR
2026-03-02 11:33:56,301 - app.services.scheduler - INFO - [Scheduler] 本轮后台刷新成功完成，共更新 1 只标的。
2026-03-02 11:33:56,460 - app.services.scheduler - INFO - [Scheduler] 开始同步财联社全球快讯...
2026-03-02 11:33:56,461 - app.services.macro_service - INFO - Starting Cailianshe global news update (Standard Version)...
2026-03-02 11:34:02,079 - app.services.macro_service - INFO - Successfully persisted 3 news items.
2026-03-02 11:34:02,080 - app.services.scheduler - INFO - [Scheduler] 财联社快讯同步完成。
2026-03-02 11:35:03,804 - app.services.scheduler - INFO - [Scheduler] 发现 1 只股票需要更新（盘中或盘后补录），开始后台刷新...
2026-03-02 11:35:06,438 - app.services.market_providers.akshare - INFO - Skipping historical data fetch for test ticker: TEST_RRR
2026-03-02 11:35:06,787 - app.services.market_data - WARNING - TEST_RRR 实时刷新失败，回退到使用现有缓存数据。
2026-03-02 11:35:07,742 - app.services.scheduler - INFO - [Scheduler] 成功更新股票行情: TEST_RRR
2026-03-02 11:35:07,743 - app.services.scheduler - INFO - [Scheduler] 本轮后台刷新成功完成，共更新 1 只标的。
2026-03-02 11:35:54,095 - api_logger - INFO - rid=/api/macro/cls_news method=GET status_code=200 user_id=9fe069c3-5985-4d2a-8814-91898152fc4a time=1240.62ms
DEBUG: Validating token: eyJhbGciOi...
DEBUG: Token payload: {'exp': 1772463492, 'sub': '9fe069c3-5985-4d2a-8814-91898152fc4a'}
INFO:     127.0.0.1:61328 - "GET /api/macro/cls_news?refresh=false HTTP/1.1" 200 OK
2026-03-02 11:36:09,308 - app.services.scheduler - INFO - [Scheduler] 发现 1 只股票需要更新（盘中或盘后补录），开始后台刷新...
2026-03-02 11:36:11,471 - app.services.market_providers.akshare - INFO - Skipping historical data fetch for test ticker: TEST_RRR
2026-03-02 11:36:11,869 - app.services.market_data - WARNING - TEST_RRR 实时刷新失败，回退到使用现有缓存数据。
2026-03-02 11:36:12,677 - app.services.scheduler - INFO - [Scheduler] 成功更新股票行情: TEST_RRR
2026-03-02 11:36:12,677 - app.services.scheduler - INFO - [Scheduler] 本轮后台刷新成功完成，共更新 1 只标的。
2026-03-02 11:37:14,094 - app.services.scheduler - INFO - [Scheduler] 发现 1 只股票需要更新（盘中或盘后补录），开始后台刷新...
2026-03-02 11:37:16,046 - app.services.market_providers.akshare - INFO - Skipping historical data fetch for test ticker: TEST_RRR
2026-03-02 11:37:16,382 - app.services.market_data - WARNING - TEST_RRR 实时刷新失败，回退到使用现有缓存数据。
2026-03-02 11:37:16,863 - app.services.scheduler - INFO - [Scheduler] 成功更新股票行情: TEST_RRR
2026-03-02 11:37:16,864 - app.services.scheduler - INFO - [Scheduler] 本轮后台刷新成功完成，共更新 1 只标的。
2026-03-02 11:37:54,800 - api_logger - INFO - rid=/api/macro/cls_news method=GET status_code=200 user_id=9fe069c3-5985-4d2a-8814-91898152fc4a time=1947.13ms
DEBUG: Validating token: eyJhbGciOi...
DEBUG: Token payload: {'exp': 1772463492, 'sub': '9fe069c3-5985-4d2a-8814-91898152fc4a'}
INFO:     127.0.0.1:61529 - "GET /api/macro/cls_news?refresh=false HTTP/1.1" 200 OK
