🚀 Starting AI Smart Investment Advisor...
📈 Starting Backend (FastAPI) on port 8000...
🔄 Starting Auto Refresh Script...
💻 Starting Frontend (Next.js) on port 3000...
INFO:     Will watch for changes in these directories: ['/Users/breeze/Dev/ai-stock-advisor/backend']
INFO:     Uvicorn running on http://127.0.0.1:8000 (Press CTRL+C to quit)
INFO:     Started reloader process [63889] using StatReload
2026-02-14 10:59:24,210 - app.api.v1.endpoints.portfolio - INFO - PHASE: Portfolio router module importing...
INFO:     Started server process [63893]
INFO:     Waiting for application startup.
INFO:     Application startup complete.
✅ Services are running!
   - Frontend: http://localhost:3000
   - Backend:  http://localhost:8000/docs
Press CTRL+C to stop.

> frontend@0.1.0 dev
> next dev

⚠ Port 3000 is in use by process 58726, using available port 3001 instead.
▲ Next.js 16.1.2 (Turbopack)
- Local:         http://localhost:3001
- Network:       http://10.10.1.247:3001

✓ Starting...
⨯ Unable to acquire lock at /Users/breeze/Dev/ai-stock-advisor/frontend/.next/dev/lock, is another instance of next dev running?
  Suggestion: If you intended to restart next dev, terminate the other process, and then try again.
[?25h
2026-02-14 10:59:48,362 - api_logger - INFO - rid=/api/health method=GET status_code=404 user_id=anonymous time=3.20ms
INFO:     127.0.0.1:49419 - "GET /api/health HTTP/1.1" 404 Not Found
INFO:     Shutting down
INFO:     Waiting for application shutdown.
INFO:     Application shutdown complete.
INFO:     Finished server process [63893]
INFO:     Stopping reloader process [63889]
