2026-02-27 14:15:17,573 - __main__ - INFO - 🚀 Starting auto-refresh background job...
2026-02-27 14:15:20,512 - __main__ - INFO - 🔄 Refreshing stalest 10 stocks: TEST_RRR, 002050, BRK.B, ABBV, MA, AVGO, NET, MSFT, QCOM, ^GSPC...
2026-02-27 14:15:22,446 - yfinance - ERROR - HTTP Error 404: {"quoteSummary":{"result":null,"error":{"code":"Not Found","description":"Quote not found for symbol: TEST_RRR"}}}
2026-02-27 14:15:23,375 - httpx - INFO - HTTP Request: POST https://api.tavily.com/search "HTTP/1.1 432 "
2026-02-27 14:15:23,376 - app.services.market_providers.tavily - ERROR - Tavily get_news error for TEST_RRR: Client error '432 ' for url 'https://api.tavily.com/search'
For more information check: https://developer.mozilla.org/en-US/docs/Web/HTTP/Status/432
2026-02-27 14:15:23,489 - yfinance - ERROR - HTTP Error 404: {"quoteSummary":{"result":null,"error":{"code":"Not Found","description":"Quote not found for symbol: TEST_RRR"}}}
2026-02-27 14:15:23,492 - yfinance - ERROR - HTTP Error 404: {"quoteSummary":{"result":null,"error":{"code":"Not Found","description":"Quote not found for symbol: TEST_RRR"}}}
2026-02-27 14:15:23,500 - yfinance - ERROR - HTTP Error 404: {"quoteSummary":{"result":null,"error":{"code":"Not Found","description":"Quote not found for symbol: TEST_RRR"}}}
2026-02-27 14:15:23,795 - app.services.market_providers.yfinance - INFO - Fundamental fields for TEST_RRR: marketCap=None, trailingPE=None, forwardPE=None
2026-02-27 14:15:24,415 - yfinance - ERROR - $TEST_RRR: possibly delisted; no price data found  (period=200d) (Yahoo error = "No data found, symbol may be delisted")
2026-02-27 14:15:24,881 - __main__ - INFO - ✅ Successfully refreshed TEST_RRR. New Price: 111.22034823068051
2026-02-27 14:15:27,995 - app.services.market_providers.akshare - ERROR - AkShare get_historical_data error for 002050: ('Connection aborted.', RemoteDisconnected('Remote end closed connection without response'))
2026-02-27 14:15:28,579 - httpx - INFO - HTTP Request: POST https://api.tavily.com/search "HTTP/1.1 432 "
2026-02-27 14:15:28,580 - app.services.market_providers.tavily - ERROR - Tavily get_news error for 002050: Client error '432 ' for url 'https://api.tavily.com/search'
For more information check: https://developer.mozilla.org/en-US/docs/Web/HTTP/Status/432
2026-02-27 14:15:32,875 - app.services.market_providers.akshare - ERROR - Failed to update AkShare spot cache: ('Connection aborted.', RemoteDisconnected('Remote end closed connection without response'))
2026-02-27 14:15:33,011 - app.services.market_providers.akshare - ERROR - Failed to update AkShare spot cache: ('Connection aborted.', RemoteDisconnected('Remote end closed connection without response'))
2026-02-27 14:15:33,477 - __main__ - INFO - ✅ Successfully refreshed 002050. New Price: 52.30647329695827
2026-02-27 14:15:37,683 - yfinance - ERROR - $BRK.B: possibly delisted; no price data found  (period=200d) (Yahoo error = "No data found, symbol may be delisted")
2026-02-27 14:15:38,420 - app.services.market_providers.yfinance - INFO - Fundamental fields for BRK.B: marketCap=None, trailingPE=None, forwardPE=None
2026-02-27 14:15:38,429 - httpx - INFO - HTTP Request: POST https://api.tavily.com/search "HTTP/1.1 432 "
2026-02-27 14:15:38,430 - app.services.market_providers.tavily - ERROR - Tavily get_news error for BRK.B: Client error '432 ' for url 'https://api.tavily.com/search'
For more information check: https://developer.mozilla.org/en-US/docs/Web/HTTP/Status/432
2026-02-27 14:15:38,466 - yfinance - ERROR - $BRK.B: possibly delisted; no price data found  (period=200d) (Yahoo error = "No data found, symbol may be delisted")
2026-02-27 14:15:38,859 - __main__ - INFO - ✅ Successfully refreshed BRK.B. New Price: 494.6663313315315
2026-02-27 14:15:42,197 - app.services.market_providers.yfinance - INFO - get_full_data for ABBV extracted fundamental: sector='Healthcare' industry='Drug Manufacturers - General' market_cap=397289881600.0 pe_ratio=95.207634 forward_pe=13.9447365 eps=2.36 dividend_yield=3.0 beta=0.334 fifty_two_week_high=244.81 fifty_two_week_low=164.39
2026-02-27 14:15:42,511 - app.services.market_data - INFO - Syncing fundamental for ABBV: market_cap=397289881600.0, PE=95.207634
2026-02-27 14:15:44,243 - __main__ - INFO - ✅ Successfully refreshed ABBV. New Price: 224.69
2026-02-27 14:15:46,955 - app.services.market_providers.yfinance - INFO - get_full_data for MA extracted fundamental: sector='Financial Services' industry='Credit Services' market_cap=459400183808.0 pe_ratio=31.160412 forward_pe=22.75822 eps=16.52 dividend_yield=0.68 beta=0.821 fifty_two_week_high=601.77 fifty_two_week_low=465.59
2026-02-27 14:15:47,113 - app.services.market_data - INFO - Syncing fundamental for MA: market_cap=459400183808.0, PE=31.160412
2026-02-27 14:15:48,519 - __main__ - INFO - ✅ Successfully refreshed MA. New Price: 514.77
2026-02-27 14:15:51,247 - app.services.market_providers.yfinance - INFO - get_full_data for AVGO extracted fundamental: sector='Technology' industry='Semiconductors' market_cap=1525267824640.0 pe_ratio=67.58403 forward_pe=22.157175 eps=4.76 dividend_yield=0.81 beta=1.221 fifty_two_week_high=414.61 fifty_two_week_low=138.1
2026-02-27 14:15:51,408 - app.services.market_data - INFO - Syncing fundamental for AVGO: market_cap=1525267824640.0, PE=67.58403
2026-02-27 14:15:52,989 - __main__ - INFO - ✅ Successfully refreshed AVGO. New Price: 321.7
2026-02-27 14:15:55,712 - app.services.market_providers.yfinance - INFO - get_full_data for NET extracted fundamental: sector='Technology' industry='Software - Infrastructure' market_cap=61460586496.0 pe_ratio=120.88369 forward_pe=120.88369 eps=-0.3 dividend_yield=None beta=1.98 fifty_two_week_high=260.0 fifty_two_week_low=89.42
2026-02-27 14:15:55,872 - app.services.market_data - INFO - Syncing fundamental for NET: market_cap=61460586496.0, PE=120.88369
2026-02-27 14:15:57,280 - __main__ - INFO - ✅ Successfully refreshed NET. New Price: 174.66
2026-02-27 14:15:59,993 - app.services.market_providers.yfinance - INFO - get_full_data for MSFT extracted fundamental: sector='Technology' industry='Software - Infrastructure' market_cap=2985734963200.0 pe_ratio=25.123203 forward_pe=21.311869 eps=15.99 dividend_yield=0.91 beta=1.084 fifty_two_week_high=555.45 fifty_two_week_low=344.79
2026-02-27 14:16:00,153 - app.services.market_data - INFO - Syncing fundamental for MSFT: market_cap=2985734963200.0, PE=25.123203
2026-02-27 14:16:01,572 - __main__ - INFO - ✅ Successfully refreshed MSFT. New Price: 401.72
2026-02-27 14:16:04,313 - app.services.market_providers.yfinance - INFO - get_full_data for QCOM extracted fundamental: sector='Technology' industry='Semiconductors' market_cap=155496677376.0 pe_ratio=29.352821 forward_pe=12.959707 eps=4.96 dividend_yield=2.45 beta=1.238 fifty_two_week_high=205.95 fifty_two_week_low=120.8
2026-02-27 14:16:04,472 - app.services.market_data - INFO - Syncing fundamental for QCOM: market_cap=155496677376.0, PE=29.352821
2026-02-27 14:16:05,894 - __main__ - INFO - ✅ Successfully refreshed QCOM. New Price: 145.59
2026-02-27 14:16:08,609 - app.services.market_providers.yfinance - INFO - get_full_data for ^GSPC extracted fundamental: sector=None industry=None market_cap=None pe_ratio=None forward_pe=None eps=None dividend_yield=None beta=None fifty_two_week_high=7002.28 fifty_two_week_low=4835.04
2026-02-27 14:16:08,769 - app.services.market_data - INFO - Syncing fundamental for ^GSPC: market_cap=None, PE=None
2026-02-27 14:16:10,188 - __main__ - INFO - ✅ Successfully refreshed ^GSPC. New Price: 6908.86
2026-02-27 14:16:12,347 - __main__ - INFO - 💤 Sleeping for 5 minutes...
2026-02-27 14:21:13,941 - __main__ - INFO - 🔄 Refreshing stalest 10 stocks: TEST_RRR, BRK.B, 002970, CR, AMGN, PG, AAPL, FRO, BAC, VZ...
2026-02-27 14:21:15,238 - yfinance - ERROR - $TEST_RRR: possibly delisted; no price data found  (period=200d) (Yahoo error = "No data found, symbol may be delisted")
2026-02-27 14:21:15,239 - yfinance - ERROR - HTTP Error 404: {"quoteSummary":{"result":null,"error":{"code":"Not Found","description":"Quote not found for symbol: TEST_RRR"}}}
2026-02-27 14:21:16,307 - httpx - INFO - HTTP Request: POST https://api.tavily.com/search "HTTP/1.1 432 "
2026-02-27 14:21:16,311 - app.services.market_providers.tavily - ERROR - Tavily get_news error for TEST_RRR: Client error '432 ' for url 'https://api.tavily.com/search'
For more information check: https://developer.mozilla.org/en-US/docs/Web/HTTP/Status/432
2026-02-27 14:21:16,361 - yfinance - ERROR - HTTP Error 404: {"quoteSummary":{"result":null,"error":{"code":"Not Found","description":"Quote not found for symbol: TEST_RRR"}}}
2026-02-27 14:21:16,370 - yfinance - ERROR - $TEST_RRR: possibly delisted; no price data found  (period=200d) (Yahoo error = "No data found, symbol may be delisted")
2026-02-27 14:21:16,493 - yfinance - ERROR - HTTP Error 404: {"quoteSummary":{"result":null,"error":{"code":"Not Found","description":"Quote not found for symbol: TEST_RRR"}}}
2026-02-27 14:21:16,663 - app.services.market_providers.yfinance - INFO - Fundamental fields for TEST_RRR: marketCap=None, trailingPE=None, forwardPE=None
2026-02-27 14:21:17,279 - __main__ - INFO - ✅ Successfully refreshed TEST_RRR. New Price: 111.22685338187489
2026-02-27 14:21:20,939 - yfinance - ERROR - $BRK.B: possibly delisted; no price data found  (period=200d) (Yahoo error = "No data found, symbol may be delisted")
2026-02-27 14:21:21,284 - app.services.market_providers.yfinance - INFO - Fundamental fields for BRK.B: marketCap=None, trailingPE=None, forwardPE=None
2026-02-27 14:21:21,718 - httpx - INFO - HTTP Request: POST https://api.tavily.com/search "HTTP/1.1 432 "
2026-02-27 14:21:21,720 - app.services.market_providers.tavily - ERROR - Tavily get_news error for BRK.B: Client error '432 ' for url 'https://api.tavily.com/search'
For more information check: https://developer.mozilla.org/en-US/docs/Web/HTTP/Status/432
2026-02-27 14:21:21,770 - yfinance - ERROR - $BRK.B: possibly delisted; no price data found  (period=200d) (Yahoo error = "No data found, symbol may be delisted")
2026-02-27 14:21:22,090 - __main__ - INFO - ✅ Successfully refreshed BRK.B. New Price: 494.65916560234524
2026-02-27 14:21:25,043 - app.services.market_providers.akshare - ERROR - AkShare get_historical_data error for 002970: ('Connection aborted.', RemoteDisconnected('Remote end closed connection without response'))
2026-02-27 14:21:25,652 - httpx - INFO - HTTP Request: POST https://api.tavily.com/search "HTTP/1.1 432 "
2026-02-27 14:21:25,653 - app.services.market_providers.tavily - ERROR - Tavily get_news error for 002970: Client error '432 ' for url 'https://api.tavily.com/search'
For more information check: https://developer.mozilla.org/en-US/docs/Web/HTTP/Status/432
2026-02-27 14:21:30,160 - app.services.market_providers.akshare - ERROR - Failed to update AkShare spot cache: ('Connection aborted.', RemoteDisconnected('Remote end closed connection without response'))
2026-02-27 14:21:30,477 - app.services.market_providers.akshare - ERROR - Failed to update AkShare spot cache: ('Connection aborted.', RemoteDisconnected('Remote end closed connection without response'))
2026-02-27 14:21:30,953 - __main__ - INFO - ✅ Successfully refreshed 002970. New Price: 81.90537215933672
2026-02-27 14:21:34,271 - app.services.market_providers.yfinance - INFO - get_full_data for CR extracted fundamental: sector='Industrials' industry='Specialty Industrial Machinery' market_cap=11761284096.0 pe_ratio=36.07774 forward_pe=27.037119 eps=5.66 dividend_yield=0.46 beta=1.167 fifty_two_week_high=214.31 fifty_two_week_low=127.04
2026-02-27 14:21:34,594 - app.services.market_data - INFO - Syncing fundamental for CR: market_cap=11761284096.0, PE=36.07774
2026-02-27 14:21:36,345 - __main__ - INFO - ✅ Successfully refreshed CR. New Price: 204.2
2026-02-27 14:21:39,027 - app.services.market_providers.yfinance - INFO - get_full_data for AMGN extracted fundamental: sector='Healthcare' industry='Drug Manufacturers - General' market_cap=204484526080.0 pe_ratio=26.675808 forward_pe=16.310442 eps=14.22 dividend_yield=2.55 beta=0.472 fifty_two_week_high=387.49 fifty_two_week_low=261.43
2026-02-27 14:21:39,193 - app.services.market_data - INFO - Syncing fundamental for AMGN: market_cap=204484526080.0, PE=26.675808
2026-02-27 14:21:40,788 - __main__ - INFO - ✅ Successfully refreshed AMGN. New Price: 379.33
2026-02-27 14:21:43,468 - app.services.market_providers.yfinance - INFO - get_full_data for PG extracted fundamental: sector='Consumer Defensive' industry='Household & Personal Products' market_cap=382640095232.0 pe_ratio=24.25926 forward_pe=22.337627 eps=6.75 dividend_yield=2.58 beta=0.38 fifty_two_week_high=179.99 fifty_two_week_low=137.62
2026-02-27 14:21:43,633 - app.services.market_data - INFO - Syncing fundamental for PG: market_cap=382640095232.0, PE=24.25926
2026-02-27 14:21:45,261 - __main__ - INFO - ✅ Successfully refreshed PG. New Price: 163.75
2026-02-27 14:21:47,937 - app.services.market_providers.yfinance - INFO - get_full_data for AAPL extracted fundamental: sector='Technology' industry='Consumer Electronics' market_cap=4011799085056.0 pe_ratio=34.594425 forward_pe=29.352085 eps=7.89 dividend_yield=0.38 beta=1.107 fifty_two_week_high=288.62 fifty_two_week_low=169.21
2026-02-27 14:21:48,098 - app.services.market_data - INFO - Syncing fundamental for AAPL: market_cap=4011799085056.0, PE=34.594425
2026-02-27 14:21:49,538 - __main__ - INFO - ✅ Successfully refreshed AAPL. New Price: 272.95
2026-02-27 14:21:52,222 - app.services.market_providers.yfinance - INFO - get_full_data for FRO extracted fundamental: sector='Energy' industry='Oil & Gas Midstream' market_cap=8299381248.0 pe_ratio=38.040813 forward_pe=10.797284 eps=0.98 dividend_yield=2.49 beta=0.049 fifty_two_week_high=37.93 fifty_two_week_low=12.4
2026-02-27 14:21:52,394 - app.services.market_data - INFO - Syncing fundamental for FRO: market_cap=8299381248.0, PE=38.040813
2026-02-27 14:21:53,828 - __main__ - INFO - ✅ Successfully refreshed FRO. New Price: 37.28
2026-02-27 14:21:56,648 - app.services.market_providers.yfinance - INFO - get_full_data for BAC extracted fundamental: sector='Financial Services' industry='Banks - Diversified' market_cap=381920509952.0 pe_ratio=13.727035 forward_pe=10.525828 eps=3.81 dividend_yield=2.1 beta=1.273 fifty_two_week_high=57.55 fifty_two_week_low=33.07
2026-02-27 14:21:56,809 - app.services.market_data - INFO - Syncing fundamental for BAC: market_cap=381920509952.0, PE=13.727035
2026-02-27 14:21:58,253 - __main__ - INFO - ✅ Successfully refreshed BAC. New Price: 52.3
2026-02-27 14:22:01,069 - app.services.market_providers.yfinance - INFO - get_full_data for VZ extracted fundamental: sector='Communication Services' industry='Telecom Services' market_cap=206202585088.0 pe_ratio=12.041872 forward_pe=9.313694 eps=4.06 dividend_yield=5.79 beta=0.316 fifty_two_week_high=50.48 fifty_two_week_low=38.39
2026-02-27 14:22:01,235 - app.services.market_data - INFO - Syncing fundamental for VZ: market_cap=206202585088.0, PE=12.041872
2026-02-27 14:22:02,872 - __main__ - INFO - ✅ Successfully refreshed VZ. New Price: 48.89
2026-02-27 14:22:05,033 - __main__ - INFO - 💤 Sleeping for 5 minutes...
2026-02-27 14:27:06,686 - __main__ - INFO - 🔄 Refreshing stalest 10 stocks: TEST_RRR, BRK.B, 002970, AMAT, TXN, INTU, LLY, WFC, TSLA, KO...
2026-02-27 14:27:07,848 - yfinance - ERROR - $TEST_RRR: possibly delisted; no price data found  (period=200d) (Yahoo error = "No data found, symbol may be delisted")
2026-02-27 14:27:07,978 - yfinance - ERROR - HTTP Error 404: {"quoteSummary":{"result":null,"error":{"code":"Not Found","description":"Quote not found for symbol: TEST_RRR"}}}
2026-02-27 14:27:09,046 - httpx - INFO - HTTP Request: POST https://api.tavily.com/search "HTTP/1.1 432 "
2026-02-27 14:27:09,048 - app.services.market_providers.tavily - ERROR - Tavily get_news error for TEST_RRR: Client error '432 ' for url 'https://api.tavily.com/search'
For more information check: https://developer.mozilla.org/en-US/docs/Web/HTTP/Status/432
2026-02-27 14:27:09,097 - yfinance - ERROR - $TEST_RRR: possibly delisted; no price data found  (period=200d) (Yahoo error = "No data found, symbol may be delisted")
2026-02-27 14:27:09,097 - yfinance - ERROR - HTTP Error 404: {"quoteSummary":{"result":null,"error":{"code":"Not Found","description":"Quote not found for symbol: TEST_RRR"}}}
2026-02-27 14:27:09,148 - yfinance - ERROR - HTTP Error 404: {"quoteSummary":{"result":null,"error":{"code":"Not Found","description":"Quote not found for symbol: TEST_RRR"}}}
2026-02-27 14:27:09,394 - app.services.market_providers.yfinance - INFO - Fundamental fields for TEST_RRR: marketCap=None, trailingPE=None, forwardPE=None
2026-02-27 14:27:09,942 - __main__ - INFO - ✅ Successfully refreshed TEST_RRR. New Price: 111.19457867956845
2026-02-27 14:27:13,609 - yfinance - ERROR - $BRK.B: possibly delisted; no price data found  (period=200d) (Yahoo error = "No data found, symbol may be delisted")
2026-02-27 14:27:14,408 - httpx - INFO - HTTP Request: POST https://api.tavily.com/search "HTTP/1.1 432 "
2026-02-27 14:27:14,410 - app.services.market_providers.tavily - ERROR - Tavily get_news error for BRK.B: Client error '432 ' for url 'https://api.tavily.com/search'
For more information check: https://developer.mozilla.org/en-US/docs/Web/HTTP/Status/432
2026-02-27 14:27:14,493 - yfinance - ERROR - $BRK.B: possibly delisted; no price data found  (period=200d) (Yahoo error = "No data found, symbol may be delisted")
2026-02-27 14:27:14,495 - app.services.market_providers.yfinance - INFO - Fundamental fields for BRK.B: marketCap=None, trailingPE=None, forwardPE=None
2026-02-27 14:27:14,830 - __main__ - INFO - ✅ Successfully refreshed BRK.B. New Price: 494.8369469706543
2026-02-27 14:27:17,830 - app.services.market_providers.akshare - ERROR - AkShare get_historical_data error for 002970: ('Connection aborted.', RemoteDisconnected('Remote end closed connection without response'))
2026-02-27 14:27:18,412 - httpx - INFO - HTTP Request: POST https://api.tavily.com/search "HTTP/1.1 432 "
2026-02-27 14:27:18,414 - app.services.market_providers.tavily - ERROR - Tavily get_news error for 002970: Client error '432 ' for url 'https://api.tavily.com/search'
For more information check: https://developer.mozilla.org/en-US/docs/Web/HTTP/Status/432
2026-02-27 14:27:22,896 - app.services.market_providers.akshare - ERROR - Failed to update AkShare spot cache: ('Connection aborted.', RemoteDisconnected('Remote end closed connection without response'))
2026-02-27 14:27:23,035 - app.services.market_providers.akshare - ERROR - Failed to update AkShare spot cache: ('Connection aborted.', RemoteDisconnected('Remote end closed connection without response'))
2026-02-27 14:27:23,546 - __main__ - INFO - ✅ Successfully refreshed 002970. New Price: 81.87541176649869
2026-02-27 14:27:26,875 - app.services.market_providers.yfinance - INFO - get_full_data for AMAT extracted fundamental: sector='Technology' industry='Semiconductor Equipment & Materials' market_cap=298175102976.0 pe_ratio=38.456497 forward_pe=27.247768 eps=9.77 dividend_yield=0.49 beta=1.677 fifty_two_week_high=395.95 fifty_two_week_low=123.74
2026-02-27 14:27:27,201 - app.services.market_data - INFO - Syncing fundamental for AMAT: market_cap=298175102976.0, PE=38.456497
2026-02-27 14:27:28,998 - __main__ - INFO - ✅ Successfully refreshed AMAT. New Price: 375.72
2026-02-27 14:27:31,695 - app.services.market_providers.yfinance - INFO - get_full_data for TXN extracted fundamental: sector='Technology' industry='Semiconductors' market_cap=193200521216.0 pe_ratio=39.0864 forward_pe=26.885923 eps=5.44 dividend_yield=2.67 beta=0.995 fifty_two_week_high=231.32 fifty_two_week_low=139.95
2026-02-27 14:27:31,862 - app.services.market_data - INFO - Syncing fundamental for TXN: market_cap=193200521216.0, PE=39.0864
2026-02-27 14:27:33,331 - __main__ - INFO - ✅ Successfully refreshed TXN. New Price: 212.63
2026-02-27 14:27:36,024 - app.services.market_providers.yfinance - INFO - get_full_data for INTU extracted fundamental: sector='Technology' industry='Software - Application' market_cap=109806534656.0 pe_ratio=27.107904 forward_pe=14.924029 eps=14.55 dividend_yield=1.14 beta=1.234 fifty_two_week_high=813.7 fifty_two_week_low=349.0
2026-02-27 14:27:36,191 - app.services.market_data - INFO - Syncing fundamental for INTU: market_cap=109806534656.0, PE=27.107904
2026-02-27 14:27:37,646 - __main__ - INFO - ✅ Successfully refreshed INTU. New Price: 394.42
2026-02-27 14:27:40,466 - app.services.market_providers.yfinance - INFO - get_full_data for LLY extracted fundamental: sector='Healthcare' industry='Drug Manufacturers - General' market_cap=964130177024.0 pe_ratio=44.435654 forward_pe=24.40234 eps=23.0 dividend_yield=0.61 beta=0.394 fifty_two_week_high=1133.95 fifty_two_week_low=623.78
2026-02-27 14:27:40,639 - app.services.market_data - INFO - Syncing fundamental for LLY: market_cap=964130177024.0, PE=44.435654
2026-02-27 14:27:42,282 - __main__ - INFO - ✅ Successfully refreshed LLY. New Price: 1022.02
2026-02-27 14:27:44,967 - app.services.market_providers.yfinance - INFO - get_full_data for WFC extracted fundamental: sector='Financial Services' industry='Banks - Diversified' market_cap=270903001088.0 pe_ratio=13.785942 forward_pe=10.891418 eps=6.26 dividend_yield=2.09 beta=1.062 fifty_two_week_high=97.76 fifty_two_week_low=58.42
2026-02-27 14:27:45,141 - app.services.market_data - INFO - Syncing fundamental for WFC: market_cap=270903001088.0, PE=13.785942
2026-02-27 14:27:46,623 - __main__ - INFO - ✅ Successfully refreshed WFC. New Price: 86.3
2026-02-27 14:27:49,447 - app.services.market_providers.yfinance - INFO - get_full_data for TSLA extracted fundamental: sector='Consumer Cyclical' industry='Auto Manufacturers' market_cap=1533168582656.0 pe_ratio=385.45285 forward_pe=145.69662 eps=1.06 dividend_yield=None beta=1.887 fifty_two_week_high=498.83 fifty_two_week_low=214.25
2026-02-27 14:27:49,614 - app.services.market_data - INFO - Syncing fundamental for TSLA: market_cap=1533168582656.0, PE=385.45285
2026-02-27 14:27:51,252 - __main__ - INFO - ✅ Successfully refreshed TSLA. New Price: 408.58
2026-02-27 14:27:53,949 - app.services.market_providers.yfinance - INFO - get_full_data for KO extracted fundamental: sector='Consumer Defensive' industry='Beverages - Non-Alcoholic' market_cap=346279510016.0 pe_ratio=26.480263 forward_pe=23.244936 eps=3.04 dividend_yield=2.56 beta=0.364 fifty_two_week_high=81.09 fifty_two_week_low=65.35
2026-02-27 14:27:54,126 - app.services.market_data - INFO - Syncing fundamental for KO: market_cap=346279510016.0, PE=26.480263
2026-02-27 14:27:55,590 - __main__ - INFO - ✅ Successfully refreshed KO. New Price: 80.5
2026-02-27 14:27:57,756 - __main__ - INFO - 💤 Sleeping for 5 minutes...
