INFO:     Will watch for changes in these directories: ['/Users/breeze/Dev/ai-stock-advisor/backend']
INFO:     Uvicorn running on http://127.0.0.1:8000 (Press CTRL+C to quit)
INFO:     Started reloader process [70539] using StatReload
{"timestamp": "2026-03-17T16:43:40.435857Z", "level": "INFO", "logger": "app.api.v1.endpoints.portfolio", "message": "PHASE: Portfolio router module importing...", "service": "ai-stock-advisor", "environment": "production", "file": "portfolio.py", "line": 20, "function": "<module>"}
INFO:     Started server process [70588]
INFO:     Waiting for application startup.
{"timestamp": "2026-03-17T16:43:51.937652Z", "level": "INFO", "logger": "api_logger", "message": "PHASE: Background scheduler task launched & DB synced.", "service": "ai-stock-advisor", "environment": "production", "file": "main.py", "line": 159, "function": "startup_event"}
{"timestamp": "2026-03-17T16:43:51.937845Z", "level": "INFO", "logger": "app.services.scheduler", "message": "[Scheduler] 调度中心全面启动，轮询精度：60s", "service": "ai-stock-advisor", "environment": "production", "file": "scheduler.py", "line": 193, "function": "start_scheduler"}
INFO:     Application startup complete.
{"timestamp": "2026-03-17T16:43:53.037303Z", "level": "INFO", "logger": "app.services.scheduler_jobs", "message": "[Scheduler] 发现 69 只股票需要更新（盘中或盘后补录），开始后台刷新...", "service": "ai-stock-advisor", "environment": "production", "file": "scheduler_jobs.py", "line": 160, "function": "run_refresh_all_stocks_job"}
{"timestamp": "2026-03-17T16:44:00.077206Z", "level": "INFO", "logger": "app.services.scheduler_jobs", "message": "[Scheduler] 成功更新股票行情: SLV", "service": "ai-stock-advisor", "environment": "production", "file": "scheduler_jobs.py", "line": 176, "function": "safe_refresh"}
{"timestamp": "2026-03-17T16:44:00.223184Z", "level": "INFO", "logger": "api_logger", "message": "Request: GET /health", "service": "ai-stock-advisor", "environment": "production", "file": "main.py", "line": 100, "function": "log_requests", "user_id": "anonymous", "duration_ms": 0.56, "status_code": 200, "method": "GET", "path": "/health"}
{"timestamp": "2026-03-17T16:44:00.238440Z", "level": "INFO", "logger": "api_logger", "message": "Request: GET /api/v1/macro/radar", "service": "ai-stock-advisor", "environment": "production", "file": "main.py", "line": 100, "function": "log_requests", "user_id": "anonymous", "duration_ms": 1.17, "status_code": 401, "method": "GET", "path": "/api/v1/macro/radar"}
{"timestamp": "2026-03-17T16:44:05.524583Z", "level": "INFO", "logger": "app.services.scheduler_jobs", "message": "[Scheduler] 成功更新股票行情: WFC", "service": "ai-stock-advisor", "environment": "production", "file": "scheduler_jobs.py", "line": 176, "function": "safe_refresh"}
{"timestamp": "2026-03-17T16:44:10.447140Z", "level": "INFO", "logger": "app.services.scheduler_jobs", "message": "[Scheduler] 成功更新股票行情: CR", "service": "ai-stock-advisor", "environment": "production", "file": "scheduler_jobs.py", "line": 176, "function": "safe_refresh"}
{"timestamp": "2026-03-17T16:44:17.743452Z", "level": "INFO", "logger": "app.services.scheduler_jobs", "message": "[Scheduler] 成功更新股票行情: JPM", "service": "ai-stock-advisor", "environment": "production", "file": "scheduler_jobs.py", "line": 176, "function": "safe_refresh"}
{"timestamp": "2026-03-17T16:44:22.620285Z", "level": "INFO", "logger": "app.services.scheduler_jobs", "message": "[Scheduler] 成功更新股票行情: IBM", "service": "ai-stock-advisor", "environment": "production", "file": "scheduler_jobs.py", "line": 176, "function": "safe_refresh"}
{"timestamp": "2026-03-17T16:44:32.441109Z", "level": "INFO", "logger": "app.services.notification_service", "message": "Notification deduplication hit for user 9fe069c3-5985-4d2a-8814-91898152fc4a: INDICATOR_ALERT (Threshold: True)", "service": "ai-stock-advisor", "environment": "production", "file": "notification_service.py", "line": 69, "function": "send_feishu_card"}
{"timestamp": "2026-03-17T16:44:32.788653Z", "level": "INFO", "logger": "app.services.scheduler_jobs", "message": "[Scheduler] 成功更新股票行情: CRCL", "service": "ai-stock-advisor", "environment": "production", "file": "scheduler_jobs.py", "line": 176, "function": "safe_refresh"}
{"timestamp": "2026-03-17T16:44:39.916521Z", "level": "INFO", "logger": "app.services.scheduler_jobs", "message": "[Scheduler] 成功更新股票行情: AVGO", "service": "ai-stock-advisor", "environment": "production", "file": "scheduler_jobs.py", "line": 176, "function": "safe_refresh"}
{"timestamp": "2026-03-17T16:44:44.642397Z", "level": "INFO", "logger": "app.services.scheduler_jobs", "message": "[Scheduler] 成功更新股票行情: LLY", "service": "ai-stock-advisor", "environment": "production", "file": "scheduler_jobs.py", "line": 176, "function": "safe_refresh"}
{"timestamp": "2026-03-17T16:44:49.564753Z", "level": "INFO", "logger": "app.services.scheduler_jobs", "message": "[Scheduler] 成功更新股票行情: ABBV", "service": "ai-stock-advisor", "environment": "production", "file": "scheduler_jobs.py", "line": 176, "function": "safe_refresh"}
{"timestamp": "2026-03-17T16:44:54.809355Z", "level": "INFO", "logger": "app.services.scheduler_jobs", "message": "[Scheduler] 成功更新股票行情: DJIA", "service": "ai-stock-advisor", "environment": "production", "file": "scheduler_jobs.py", "line": 176, "function": "safe_refresh"}
{"timestamp": "2026-03-17T16:44:59.686959Z", "level": "INFO", "logger": "app.services.scheduler_jobs", "message": "[Scheduler] 成功更新股票行情: TXN", "service": "ai-stock-advisor", "environment": "production", "file": "scheduler_jobs.py", "line": 176, "function": "safe_refresh"}
